2013/12/31 23:53:47 [error] [exception.CException] exception 'CException' with message 'TbActiveForm and its behaviors do not have a method or closure named "textFieldRow".' in /mnt/mediafiles4/user_data/home/veejay/Projects/miama.org/yii/framework/base/CComponent.php:266
Stack trace:
#0 /mnt/mediafiles4/user_data/home/veejay/Projects/miama.org/projecttracker/themes/bootstrap/views/site/login.php(29): CComponent->__call('textFieldRow', Array)
#1 /mnt/mediafiles4/user_data/home/veejay/Projects/miama.org/projecttracker/themes/bootstrap/views/site/login.php(29): TbActiveForm->textFieldRow(Object(LoginForm), 'username')
#2 /mnt/mediafiles4/user_data/home/veejay/Projects/miama.org/yii/framework/web/CBaseController.php(126): require('/mnt/mediafiles...')
#3 /mnt/mediafiles4/user_data/home/veejay/Projects/miama.org/yii/framework/web/CBaseController.php(95): CBaseController->renderInternal('/mnt/mediafiles...', Array, true)
#4 /mnt/mediafiles4/user_data/home/veejay/Projects/miama.org/yii/framework/web/CController.php(869): CBaseController->renderFile('/mnt/mediafiles...', Array, true)
#5 /mnt/mediafiles4/user_data/home/veejay/Projects/miama.org/yii/framework/web/CController.php(782): CController->renderPartial('login', Array, true)
#6 /mnt/mediafiles4/user_data/home/veejay/Projects/miama.org/projecttracker/protected/controllers/SiteController.php(98): CController->render('login', Array)
#7 /mnt/mediafiles4/user_data/home/veejay/Projects/miama.org/yii/framework/web/actions/CInlineAction.php(49): SiteController->actionLogin()
#8 /mnt/mediafiles4/user_data/home/veejay/Projects/miama.org/yii/framework/web/CController.php(308): CInlineAction->runWithParams(Array)
#9 /mnt/mediafiles4/user_data/home/veejay/Projects/miama.org/yii/framework/web/CController.php(286): CController->runAction(Object(CInlineAction))
#10 /mnt/mediafiles4/user_data/home/veejay/Projects/miama.org/yii/framework/web/CController.php(265): CController->runActionWithFilters(Object(CInlineAction), Array)
#11 /mnt/mediafiles4/user_data/home/veejay/Projects/miama.org/yii/framework/web/CWebApplication.php(282): CController->run('login')
#12 /mnt/mediafiles4/user_data/home/veejay/Projects/miama.org/yii/framework/web/CWebApplication.php(141): CWebApplication->runController('site/login')
#13 /mnt/mediafiles4/user_data/home/veejay/Projects/miama.org/yii/framework/base/CApplication.php(180): CWebApplication->processRequest()
#14 /mnt/mediafiles4/user_data/home/veejay/Projects/miama.org/projecttracker/index.php(13): CApplication->run()
#15 {main}
REQUEST_URI=/test_www/projecttracker/index.php?r=site/login
HTTP_REFERER=http://cecil/test_www/projecttracker/index.php
---
2014/01/01 00:01:39 [error] [exception.CException] exception 'CException' with message 'TbActiveForm and its behaviors do not have a method or closure named "textFieldRow".' in /mnt/mediafiles4/user_data/home/veejay/Projects/miama.org/yii/framework/base/CComponent.php:266
Stack trace:
#0 /mnt/mediafiles4/user_data/home/veejay/Projects/miama.org/projecttracker/themes/bootstrap/views/site/login.php(29): CComponent->__call('textFieldRow', Array)
#1 /mnt/mediafiles4/user_data/home/veejay/Projects/miama.org/projecttracker/themes/bootstrap/views/site/login.php(29): TbActiveForm->textFieldRow(Object(LoginForm), 'username')
#2 /mnt/mediafiles4/user_data/home/veejay/Projects/miama.org/yii/framework/web/CBaseController.php(126): require('/mnt/mediafiles...')
#3 /mnt/mediafiles4/user_data/home/veejay/Projects/miama.org/yii/framework/web/CBaseController.php(95): CBaseController->renderInternal('/mnt/mediafiles...', Array, true)
#4 /mnt/mediafiles4/user_data/home/veejay/Projects/miama.org/yii/framework/web/CController.php(869): CBaseController->renderFile('/mnt/mediafiles...', Array, true)
#5 /mnt/mediafiles4/user_data/home/veejay/Projects/miama.org/yii/framework/web/CController.php(782): CController->renderPartial('login', Array, true)
#6 /mnt/mediafiles4/user_data/home/veejay/Projects/miama.org/projecttracker/protected/controllers/SiteController.php(98): CController->render('login', Array)
#7 /mnt/mediafiles4/user_data/home/veejay/Projects/miama.org/yii/framework/web/actions/CInlineAction.php(49): SiteController->actionLogin()
#8 /mnt/mediafiles4/user_data/home/veejay/Projects/miama.org/yii/framework/web/CController.php(308): CInlineAction->runWithParams(Array)
#9 /mnt/mediafiles4/user_data/home/veejay/Projects/miama.org/yii/framework/web/CController.php(286): CController->runAction(Object(CInlineAction))
#10 /mnt/mediafiles4/user_data/home/veejay/Projects/miama.org/yii/framework/web/CController.php(265): CController->runActionWithFilters(Object(CInlineAction), Array)
#11 /mnt/mediafiles4/user_data/home/veejay/Projects/miama.org/yii/framework/web/CWebApplication.php(282): CController->run('login')
#12 /mnt/mediafiles4/user_data/home/veejay/Projects/miama.org/yii/framework/web/CWebApplication.php(141): CWebApplication->runController('site/login')
#13 /mnt/mediafiles4/user_data/home/veejay/Projects/miama.org/yii/framework/base/CApplication.php(180): CWebApplication->processRequest()
#14 /mnt/mediafiles4/user_data/home/veejay/Projects/miama.org/projecttracker/index.php(13): CApplication->run()
#15 {main}
REQUEST_URI=/test_www/projecttracker/index.php?r=site/login
HTTP_REFERER=http://cecil/test_www/projecttracker/index.php?r=site/page&view=about
---
